This file contains any messages produced by compilers while
running configure, to aid debugging if configure makes a mistake.

It was created by VBF configure 0.3.4, which was
generated by GNU Autoconf 2.71.  Invocation command line was

  $ ./configure 'CXXFLAGS=-pthread -std=c++17 -m64 -I/root/root-6.30.04/rinstall/include' --prefix=/root/TrinitySims/CARE

## --------- ##
## Platform. ##
## --------- ##

hostname = login-buzzard.pace.gatech.edu
uname -m = x86_64
uname -r = 5.14.0-570.37.1.el9_6.x86_64
uname -s = Linux
uname -v = #1 SMP PREEMPT_DYNAMIC Sat Aug 16 01:10:00 EDT 2025

/usr/bin/uname -p = x86_64
/bin/uname -X     = unknown

/bin/arch              = x86_64
/usr/bin/arch -k       = unknown
/usr/convex/getsysinfo = unknown
/usr/bin/hostinfo      = unknown
/bin/machine           = unknown
/usr/bin/oslevel       = unknown
/bin/universe          = unknown

PATH: /opt/root/bin/
PATH: /usr/local/sbin/
PATH: /usr/local/bin/
PATH: /usr/sbin/
PATH: /usr/bin/
PATH: /sbin/
PATH: /bin/


## ----------- ##
## Core tests. ##
## ----------- ##

configure:2756: looking for aux files: config.guess config.sub ltmain.sh compile missing install-sh
configure:2769:  trying ./
configure:2798:   ./config.guess found
configure:2798:   ./config.sub found
configure:2798:   ./ltmain.sh found
configure:2798:   ./compile found
configure:2798:   ./missing found
configure:2780:   ./install-sh found
configure:2915: checking whether to enable maintainer-specific portions of Makefiles
configure:2925: result: no
configure:2956: checking for a BSD-compatible install
configure:3029: result: /usr/bin/install -c
configure:3040: checking whether build environment is sane
configure:3095: result: yes
configure:3254: checking for a race-free mkdir -p
configure:3298: result: /usr/bin/mkdir -p
configure:3305: checking for gawk
configure:3340: result: no
configure:3305: checking for mawk
configure:3326: found /usr/bin/mawk
configure:3337: result: mawk
configure:3348: checking whether make sets $(MAKE)
configure:3371: result: yes
configure:3401: checking whether make supports nested variables
configure:3419: result: yes
configure:3621: checking for gcc
configure:3642: found /usr/bin/gcc
configure:3653: result: gcc
configure:4006: checking for C compiler version
configure:4015: gcc --version >&5
gcc (Ubuntu 11.4.0-1ubuntu1~22.04) 11.4.0
Copyright (C) 2021 Free Software Foundation, Inc.
This is free software; see the source for copying conditions.  There is NO
warranty; not even for MERCHANTABILITY or FITNESS FOR A PARTICULAR PURPOSE.

configure:4026: $? = 0
configure:4015: gcc -v >&5
Using built-in specs.
COLLECT_GCC=gcc
COLLECT_LTO_WRAPPER=/usr/lib/gcc/x86_64-linux-gnu/11/lto-wrapper
OFFLOAD_TARGET_NAMES=nvptx-none:amdgcn-amdhsa
OFFLOAD_TARGET_DEFAULT=1
Target: x86_64-linux-gnu
Configured with: ../src/configure -v --with-pkgversion='Ubuntu 11.4.0-1ubuntu1~22.04' --with-bugurl=file:///usr/share/doc/gcc-11/README.Bugs --enable-languages=c,ada,c++,go,brig,d,fortran,objc,obj-c++,m2 --prefix=/usr --with-gcc-major-version-only --program-suffix=-11 --program-prefix=x86_64-linux-gnu- --enable-shared --enable-linker-build-id --libexecdir=/usr/lib --without-included-gettext --enable-threads=posix --libdir=/usr/lib --enable-nls --enable-bootstrap --enable-clocale=gnu --enable-libstdcxx-debug --enable-libstdcxx-time=yes --with-default-libstdcxx-abi=new --enable-gnu-unique-object --disable-vtable-verify --enable-plugin --enable-default-pie --with-system-zlib --enable-libphobos-checking=release --with-target-system-zlib=auto --enable-objc-gc=auto --enable-multiarch --disable-werror --enable-cet --with-arch-32=i686 --with-abi=m64 --with-multilib-list=m32,m64,mx32 --enable-multilib --with-tune=generic --enable-offload-targets=nvptx-none=/build/gcc-11-XeT9lY/gcc-11-11.4.0/debian/tmp-nvptx/usr,amdgcn-amdhsa=/build/gcc-11-XeT9lY/gcc-11-11.4.0/debian/tmp-gcn/usr --without-cuda-driver --enable-checking=release --build=x86_64-linux-gnu --host=x86_64-linux-gnu --target=x86_64-linux-gnu --with-build-config=bootstrap-lto-lean --enable-link-serialization=2
Thread model: posix
Supported LTO compression algorithms: zlib zstd
gcc version 11.4.0 (Ubuntu 11.4.0-1ubuntu1~22.04) 
... rest of stderr output deleted ...
configure:4026: $? = 0
configure:4015: gcc -V >&5
gcc: error: unrecognized command-line option '-V'
gcc: fatal error: no input files
compilation terminated.
configure:4026: $? = 1
configure:4015: gcc -qversion >&5
gcc: error: unrecognized command-line option '-qversion'; did you mean '--version'?
gcc: fatal error: no input files
compilation terminated.
configure:4026: $? = 1
configure:4015: gcc -version >&5
gcc: error: unrecognized command-line option '-version'
gcc: fatal error: no input files
compilation terminated.
configure:4026: $? = 1
configure:4046: checking whether the C compiler works
configure:4068: gcc    conftest.c  >&5
configure:4072: $? = 0
configure:4122: result: yes
configure:4125: checking for C compiler default output file name
configure:4127: result: a.out
configure:4133: checking for suffix of executables
configure:4140: gcc -o conftest    conftest.c  >&5
configure:4144: $? = 0
configure:4167: result: 
configure:4189: checking whether we are cross compiling
configure:4197: gcc -o conftest    conftest.c  >&5
configure:4201: $? = 0
configure:4208: ./conftest
configure:4212: $? = 0
configure:4227: result: no
configure:4232: checking for suffix of object files
configure:4255: gcc -c   conftest.c >&5
configure:4259: $? = 0
configure:4281: result: o
configure:4285: checking whether the compiler supports GNU C
configure:4305: gcc -c   conftest.c >&5
configure:4305: $? = 0
configure:4315: result: yes
configure:4326: checking whether gcc accepts -g
configure:4347: gcc -c -g  conftest.c >&5
configure:4347: $? = 0
configure:4391: result: yes
configure:4411: checking for gcc option to enable C11 features
configure:4426: gcc  -c -g -O2  conftest.c >&5
configure:4426: $? = 0
configure:4444: result: none needed
configure:4560: checking whether gcc understands -c and -o together
configure:4583: gcc -c conftest.c -o conftest2.o
configure:4586: $? = 0
configure:4583: gcc -c conftest.c -o conftest2.o
configure:4586: $? = 0
configure:4598: result: yes
configure:4618: checking whether make supports the include directive
configure:4633: make -f confmf.GNU && cat confinc.out
this is the am__doit target
configure:4636: $? = 0
configure:4655: result: yes (GNU style)
configure:4681: checking dependency style of gcc
configure:4793: result: gcc3
configure:4877: checking for g++
configure:4898: found /usr/bin/g++
configure:4909: result: g++
configure:4936: checking for C++ compiler version
configure:4945: g++ --version >&5
g++ (Ubuntu 11.4.0-1ubuntu1~22.04) 11.4.0
Copyright (C) 2021 Free Software Foundation, Inc.
This is free software; see the source for copying conditions.  There is NO
warranty; not even for MERCHANTABILITY or FITNESS FOR A PARTICULAR PURPOSE.

configure:4956: $? = 0
configure:4945: g++ -v >&5
Using built-in specs.
COLLECT_GCC=g++
COLLECT_LTO_WRAPPER=/usr/lib/gcc/x86_64-linux-gnu/11/lto-wrapper
OFFLOAD_TARGET_NAMES=nvptx-none:amdgcn-amdhsa
OFFLOAD_TARGET_DEFAULT=1
Target: x86_64-linux-gnu
Configured with: ../src/configure -v --with-pkgversion='Ubuntu 11.4.0-1ubuntu1~22.04' --with-bugurl=file:///usr/share/doc/gcc-11/README.Bugs --enable-languages=c,ada,c++,go,brig,d,fortran,objc,obj-c++,m2 --prefix=/usr --with-gcc-major-version-only --program-suffix=-11 --program-prefix=x86_64-linux-gnu- --enable-shared --enable-linker-build-id --libexecdir=/usr/lib --without-included-gettext --enable-threads=posix --libdir=/usr/lib --enable-nls --enable-bootstrap --enable-clocale=gnu --enable-libstdcxx-debug --enable-libstdcxx-time=yes --with-default-libstdcxx-abi=new --enable-gnu-unique-object --disable-vtable-verify --enable-plugin --enable-default-pie --with-system-zlib --enable-libphobos-checking=release --with-target-system-zlib=auto --enable-objc-gc=auto --enable-multiarch --disable-werror --enable-cet --with-arch-32=i686 --with-abi=m64 --with-multilib-list=m32,m64,mx32 --enable-multilib --with-tune=generic --enable-offload-targets=nvptx-none=/build/gcc-11-XeT9lY/gcc-11-11.4.0/debian/tmp-nvptx/usr,amdgcn-amdhsa=/build/gcc-11-XeT9lY/gcc-11-11.4.0/debian/tmp-gcn/usr --without-cuda-driver --enable-checking=release --build=x86_64-linux-gnu --host=x86_64-linux-gnu --target=x86_64-linux-gnu --with-build-config=bootstrap-lto-lean --enable-link-serialization=2
Thread model: posix
Supported LTO compression algorithms: zlib zstd
gcc version 11.4.0 (Ubuntu 11.4.0-1ubuntu1~22.04) 
... rest of stderr output deleted ...
configure:4956: $? = 0
configure:4945: g++ -V >&5
g++: error: unrecognized command-line option '-V'
g++: fatal error: no input files
compilation terminated.
configure:4956: $? = 1
configure:4945: g++ -qversion >&5
g++: error: unrecognized command-line option '-qversion'; did you mean '--version'?
g++: fatal error: no input files
compilation terminated.
configure:4956: $? = 1
configure:4960: checking whether the compiler supports GNU C++
configure:4980: g++ -c -pthread -std=c++17 -m64 -I/root/root-6.30.04/rinstall/include  conftest.cpp >&5
configure:4980: $? = 0
configure:4990: result: yes
configure:5001: checking whether g++ accepts -g
configure:5022: g++ -c -g  conftest.cpp >&5
configure:5022: $? = 0
configure:5066: result: yes
configure:5086: checking for g++ option to enable C++11 features
configure:5101: g++  -c -pthread -std=c++17 -m64 -I/root/root-6.30.04/rinstall/include  conftest.cpp >&5
conftest.cpp: In function 'int main(int, char**)':
conftest.cpp:177:25: warning: empty parentheses were disambiguated as a function declaration [-Wvexing-parse]
  177 |   cxx11test::delegate d2();
      |                         ^~
conftest.cpp:177:25: note: remove parentheses to default-initialize a variable
  177 |   cxx11test::delegate d2();
      |                         ^~
      |                         --
conftest.cpp:177:25: note: or replace parentheses with braces to value-initialize a variable
configure:5101: $? = 0
configure:5119: result: none needed
configure:5185: checking dependency style of g++
configure:5297: result: gcc3
configure:5344: checking build system type
configure:5359: result: x86_64-pc-linux-gnu
configure:5379: checking host system type
configure:5393: result: x86_64-pc-linux-gnu
configure:5434: checking how to print strings
configure:5461: result: printf
configure:5482: checking for a sed that does not truncate output
configure:5552: result: /usr/bin/sed
configure:5570: checking for grep that handles long lines and -e
configure:5634: result: /usr/bin/grep
configure:5639: checking for egrep
configure:5707: result: /usr/bin/grep -E
configure:5712: checking for fgrep
configure:5780: result: /usr/bin/grep -F
configure:5816: checking for ld used by gcc
configure:5884: result: /usr/bin/ld
configure:5891: checking if the linker (/usr/bin/ld) is GNU ld
configure:5907: result: yes
configure:5919: checking for BSD- or MS-compatible name lister (nm)
configure:5974: result: /usr/bin/nm -B
configure:6114: checking the name lister (/usr/bin/nm -B) interface
configure:6122: gcc -c -g -O2  conftest.c >&5
configure:6125: /usr/bin/nm -B "conftest.o"
configure:6128: output
0000000000000000 B some_variable
configure:6135: result: BSD nm
configure:6138: checking whether ln -s works
configure:6142: result: yes
configure:6150: checking the maximum length of command line arguments
configure:6282: result: 1572864
configure:6330: checking how to convert x86_64-pc-linux-gnu file names to x86_64-pc-linux-gnu format
configure:6371: result: func_convert_file_noop
configure:6378: checking how to convert x86_64-pc-linux-gnu file names to toolchain format
configure:6399: result: func_convert_file_noop
configure:6406: checking for /usr/bin/ld option to reload object files
configure:6414: result: -r
configure:6493: checking for file
configure:6528: result: no
configure:6601: checking for objdump
configure:6622: found /usr/bin/objdump
configure:6633: result: objdump
configure:6665: checking how to recognize dependent libraries
configure:6866: result: pass_all
configure:6956: checking for dlltool
configure:6991: result: no
configure:7021: checking how to associate runtime and link libraries
configure:7049: result: printf %s\n
configure:7115: checking for ar
configure:7136: found /usr/bin/ar
configure:7147: result: ar
configure:7200: checking for archiver @FILE support
configure:7218: gcc -c -g -O2  conftest.c >&5
configure:7218: $? = 0
configure:7222: ar cr libconftest.a @conftest.lst >&5
configure:7225: $? = 0
configure:7230: ar cr libconftest.a @conftest.lst >&5
ar: conftest.o: No such file or directory
configure:7233: $? = 1
configure:7245: result: @
configure:7308: checking for strip
configure:7329: found /usr/bin/strip
configure:7340: result: strip
configure:7417: checking for ranlib
configure:7438: found /usr/bin/ranlib
configure:7449: result: ranlib
configure:7551: checking command to parse /usr/bin/nm -B output from gcc object
configure:7705: gcc -c -g -O2  conftest.c >&5
configure:7708: $? = 0
configure:7712: /usr/bin/nm -B conftest.o \| /usr/bin/sed -n -e 's/^.*[ ]\([ABCDGIRSTW][ABCDGIRSTW]*\)[ ][ ]*\([_A-Za-z][_A-Za-z0-9]*\)$/\1 \2 \2/p' | /usr/bin/sed '/ __gnu_lto/d' \> conftest.nm
configure:7715: $? = 0
configure:7781: gcc -o conftest -g -O2   conftest.c conftstm.o >&5
configure:7784: $? = 0
configure:7822: result: ok
configure:7869: checking for sysroot
configure:7900: result: no
configure:7907: checking for a working dd
configure:7951: result: /usr/bin/dd
configure:7955: checking how to truncate binary pipes
configure:7971: result: /usr/bin/dd bs=4096 count=1
configure:8108: gcc -c -g -O2  conftest.c >&5
configure:8111: $? = 0
configure:8308: checking for mt
configure:8343: result: no
configure:8363: checking if : is a manifest tool
configure:8370: : '-?'
configure:8378: result: no
configure:9103: checking for stdio.h
configure:9103: gcc -c -g -O2  conftest.c >&5
configure:9103: $? = 0
configure:9103: result: yes
configure:9103: checking for stdlib.h
configure:9103: gcc -c -g -O2  conftest.c >&5
configure:9103: $? = 0
configure:9103: result: yes
configure:9103: checking for string.h
configure:9103: gcc -c -g -O2  conftest.c >&5
configure:9103: $? = 0
configure:9103: result: yes
configure:9103: checking for inttypes.h
configure:9103: gcc -c -g -O2  conftest.c >&5
configure:9103: $? = 0
configure:9103: result: yes
configure:9103: checking for stdint.h
configure:9103: gcc -c -g -O2  conftest.c >&5
configure:9103: $? = 0
configure:9103: result: yes
configure:9103: checking for strings.h
configure:9103: gcc -c -g -O2  conftest.c >&5
configure:9103: $? = 0
configure:9103: result: yes
configure:9103: checking for sys/stat.h
configure:9103: gcc -c -g -O2  conftest.c >&5
configure:9103: $? = 0
configure:9103: result: yes
configure:9103: checking for sys/types.h
configure:9103: gcc -c -g -O2  conftest.c >&5
configure:9103: $? = 0
configure:9103: result: yes
configure:9103: checking for unistd.h
configure:9103: gcc -c -g -O2  conftest.c >&5
configure:9103: $? = 0
configure:9103: result: yes
configure:9128: checking for dlfcn.h
configure:9128: gcc -c -g -O2  conftest.c >&5
configure:9128: $? = 0
configure:9128: result: yes
configure:9398: checking for objdir
configure:9414: result: .libs
configure:9678: checking if gcc supports -fno-rtti -fno-exceptions
configure:9697: gcc -c -g -O2  -fno-rtti -fno-exceptions conftest.c >&5
cc1: warning: command-line option '-fno-rtti' is valid for C++/D/ObjC++ but not for C
configure:9701: $? = 0
configure:9714: result: no
configure:10072: checking for gcc option to produce PIC
configure:10080: result: -fPIC -DPIC
configure:10088: checking if gcc PIC flag -fPIC -DPIC works
configure:10107: gcc -c -g -O2  -fPIC -DPIC -DPIC conftest.c >&5
configure:10111: $? = 0
configure:10124: result: yes
configure:10153: checking if gcc static flag -static works
configure:10182: result: yes
configure:10197: checking if gcc supports -c -o file.o
configure:10219: gcc -c -g -O2  -o out/conftest2.o conftest.c >&5
configure:10223: $? = 0
configure:10245: result: yes
configure:10253: checking if gcc supports -c -o file.o
configure:10301: result: yes
configure:10334: checking whether the gcc linker (/usr/bin/ld) supports shared libraries
configure:11602: result: yes
configure:11639: checking whether -lc should be explicitly linked in
configure:11648: gcc -c -g -O2  conftest.c >&5
configure:11651: $? = 0
configure:11666: gcc -shared  -fPIC -DPIC conftest.o  -v -Wl,-soname -Wl,conftest -o conftest 2\>\&1 \| /usr/bin/grep  -lc  \>/dev/null 2\>\&1
configure:11669: $? = 0
configure:11683: result: no
configure:11843: checking dynamic linker characteristics
configure:12425: gcc -o conftest -g -O2   -Wl,-rpath -Wl,/foo conftest.c  >&5
configure:12425: $? = 0
configure:12667: result: GNU/Linux ld.so
configure:12789: checking how to hardcode library paths into programs
configure:12814: result: immediate
configure:13366: checking whether stripping libraries is possible
configure:13375: result: yes
configure:13417: checking if libtool supports shared libraries
configure:13419: result: yes
configure:13422: checking whether to build shared libraries
configure:13447: result: yes
configure:13450: checking whether to build static libraries
configure:13454: result: yes
configure:13477: checking how to run the C++ preprocessor
configure:13499: g++ -E  conftest.cpp
configure:13499: $? = 0
configure:13514: g++ -E  conftest.cpp
conftest.cpp:23:10: fatal error: ac_nonexistent.h: No such file or directory
   23 | #include <ac_nonexistent.h>
      |          ^~~~~~~~~~~~~~~~~~
compilation terminated.
configure:13514: $? = 1
configure: failed program was:
| /* confdefs.h */
| #define PACKAGE_NAME "VBF"
| #define PACKAGE_TARNAME "vbf"
| #define PACKAGE_VERSION "0.3.4"
| #define PACKAGE_STRING "VBF 0.3.4"
| #define PACKAGE_BUGREPORT ""
| #define PACKAGE_URL ""
| #define PACKAGE "vbf"
| #define VERSION "0.3.4"
| #define HAVE_STDIO_H 1
| #define HAVE_STDLIB_H 1
| #define HAVE_STRING_H 1
| #define HAVE_INTTYPES_H 1
| #define HAVE_STDINT_H 1
| #define HAVE_STRINGS_H 1
| #define HAVE_SYS_STAT_H 1
| #define HAVE_SYS_TYPES_H 1
| #define HAVE_UNISTD_H 1
| #define STDC_HEADERS 1
| #define HAVE_DLFCN_H 1
| #define LT_OBJDIR ".libs/"
| /* end confdefs.h.  */
| #include <ac_nonexistent.h>
configure:13541: result: g++ -E
configure:13555: g++ -E  conftest.cpp
configure:13555: $? = 0
configure:13570: g++ -E  conftest.cpp
conftest.cpp:23:10: fatal error: ac_nonexistent.h: No such file or directory
   23 | #include <ac_nonexistent.h>
      |          ^~~~~~~~~~~~~~~~~~
compilation terminated.
configure:13570: $? = 1
configure: failed program was:
| /* confdefs.h */
| #define PACKAGE_NAME "VBF"
| #define PACKAGE_TARNAME "vbf"
| #define PACKAGE_VERSION "0.3.4"
| #define PACKAGE_STRING "VBF 0.3.4"
| #define PACKAGE_BUGREPORT ""
| #define PACKAGE_URL ""
| #define PACKAGE "vbf"
| #define VERSION "0.3.4"
| #define HAVE_STDIO_H 1
| #define HAVE_STDLIB_H 1
| #define HAVE_STRING_H 1
| #define HAVE_INTTYPES_H 1
| #define HAVE_STDINT_H 1
| #define HAVE_STRINGS_H 1
| #define HAVE_SYS_STAT_H 1
| #define HAVE_SYS_TYPES_H 1
| #define HAVE_UNISTD_H 1
| #define STDC_HEADERS 1
| #define HAVE_DLFCN_H 1
| #define LT_OBJDIR ".libs/"
| /* end confdefs.h.  */
| #include <ac_nonexistent.h>
configure:13735: checking for ld used by g++
configure:13803: result: /usr/bin/ld
configure:13810: checking if the linker (/usr/bin/ld) is GNU ld
configure:13826: result: yes
configure:13881: checking whether the g++ linker (/usr/bin/ld) supports shared libraries
configure:14959: result: yes
configure:14995: g++ -c -pthread -std=c++17 -m64 -I/root/root-6.30.04/rinstall/include  conftest.cpp >&5
configure:14998: $? = 0
configure:15479: checking for g++ option to produce PIC
configure:15487: result: -fPIC -DPIC
configure:15495: checking if g++ PIC flag -fPIC -DPIC works
configure:15514: g++ -c -pthread -std=c++17 -m64 -I/root/root-6.30.04/rinstall/include  -fPIC -DPIC -DPIC conftest.cpp >&5
configure:15518: $? = 0
configure:15531: result: yes
configure:15554: checking if g++ static flag -static works
configure:15583: result: yes
configure:15595: checking if g++ supports -c -o file.o
configure:15617: g++ -c -pthread -std=c++17 -m64 -I/root/root-6.30.04/rinstall/include  -o out/conftest2.o conftest.cpp >&5
configure:15621: $? = 0
configure:15643: result: yes
configure:15648: checking if g++ supports -c -o file.o
configure:15696: result: yes
configure:15726: checking whether the g++ linker (/usr/bin/ld) supports shared libraries
configure:15766: result: yes
configure:15908: checking dynamic linker characteristics
configure:16659: result: GNU/Linux ld.so
configure:16724: checking how to hardcode library paths into programs
configure:16749: result: immediate
configure:16833: checking whether g++ supports C++17 features with -std=c++17
configure:17634: g++ -std=c++17 -c -pthread -std=c++17 -m64 -I/root/root-6.30.04/rinstall/include  conftest.cpp >&5
configure:17634: $? = 0
configure:17644: result: yes
configure:17691: checking for stdio.h
configure:17691: result: yes
configure:17691: checking for stdlib.h
configure:17691: result: yes
configure:17691: checking for string.h
configure:17691: result: yes
configure:17691: checking for inttypes.h
configure:17691: result: yes
configure:17691: checking for unistd.h
configure:17691: result: yes
configure:17704: checking for strings.h
configure:17704: result: yes
configure:17710: checking for sys/uio.h
configure:17710: g++ -std=c++17 -c -pthread -std=c++17 -m64 -I/root/root-6.30.04/rinstall/include  conftest.cpp >&5
configure:17710: $? = 0
configure:17710: result: yes
configure:17716: checking for arpa/inet.h
configure:17716: g++ -std=c++17 -c -pthread -std=c++17 -m64 -I/root/root-6.30.04/rinstall/include  conftest.cpp >&5
configure:17716: $? = 0
configure:17716: result: yes
configure:17755: checking for special C compiler options needed for large files
configure:17803: result: no
configure:17809: checking for _FILE_OFFSET_BITS value needed for large files
configure:17835: g++ -std=c++17 -c -pthread -std=c++17 -m64 -I/root/root-6.30.04/rinstall/include  conftest.cpp >&5
configure:17835: $? = 0
configure:17869: result: no
configure:17952: checking for zlib
configure:17968: g++ -std=c++17 -o conftest -pthread -std=c++17 -m64 -I/root/root-6.30.04/rinstall/include   conftest.cpp -lz  >&5
configure:17968: $? = 0
configure:17971: result: yes
configure:17990: checking for libbzip2
configure:18006: g++ -std=c++17 -o conftest -pthread -std=c++17 -m64 -I/root/root-6.30.04/rinstall/include   conftest.cpp -lbz2  >&5
conftest.cpp:35:14: fatal error: bzlib.h: No such file or directory
   35 |     #include <bzlib.h>
      |              ^~~~~~~~~
compilation terminated.
configure:18006: $? = 1
configure: failed program was:
| /* confdefs.h */
| #define PACKAGE_NAME "VBF"
| #define PACKAGE_TARNAME "vbf"
| #define PACKAGE_VERSION "0.3.4"
| #define PACKAGE_STRING "VBF 0.3.4"
| #define PACKAGE_BUGREPORT ""
| #define PACKAGE_URL ""
| #define PACKAGE "vbf"
| #define VERSION "0.3.4"
| #define HAVE_STDIO_H 1
| #define HAVE_STDLIB_H 1
| #define HAVE_STRING_H 1
| #define HAVE_INTTYPES_H 1
| #define HAVE_STDINT_H 1
| #define HAVE_STRINGS_H 1
| #define HAVE_SYS_STAT_H 1
| #define HAVE_SYS_TYPES_H 1
| #define HAVE_UNISTD_H 1
| #define STDC_HEADERS 1
| #define HAVE_DLFCN_H 1
| #define LT_OBJDIR ".libs/"
| #define HAVE_CXX17 1
| #define HAVE_STDIO_H 1
| #define HAVE_STDLIB_H 1
| #define HAVE_STRING_H 1
| #define HAVE_INTTYPES_H 1
| #define HAVE_UNISTD_H 1
| #define HAVE_STRINGS_H 1
| #define HAVE_SYS_UIO_H 1
| #define HAVE_ARPA_INET_H 1
| #define HAVE_GZIP 1
| /* end confdefs.h.  */
| 
| 
|     #include <bzlib.h>
|     int main() {
|         BZ2_bzCompress(NULL, 0);
|         return 0;
|     }
| 
| 
configure:18018: result: no
configure:18036: checking whether build environment is sane
configure:18091: result: yes
configure:18247: checking that generated files are newer than configure
configure:18253: result: done
configure:18275: checking that generated files are newer than configure
configure:18281: result: done
configure:18288: creating ./config.status

## ---------------------- ##
## Running config.status. ##
## ---------------------- ##

This file was extended by VBF config.status 0.3.4, which was
generated by GNU Autoconf 2.71.  Invocation command line was

  CONFIG_FILES    = 
  CONFIG_HEADERS  = 
  CONFIG_LINKS    = 
  CONFIG_COMMANDS = 
  $ ./config.status 

on login-buzzard.pace.gatech.edu

config.status:1084: creating Makefile
config.status:1084: creating VBF.pc
config.status:1084: creating VBF/Makefile
config.status:1084: creating vbfTools/Makefile
config.status:1084: creating scripts/Makefile
config.status:1256: executing depfiles commands
config.status:1333: cd VBF       && sed -e '/# am--include-marker/d' Makefile         | make -f - am--depfiles
config.status:1338: $? = 0
config.status:1333: cd vbfTools       && sed -e '/# am--include-marker/d' Makefile         | make -f - am--depfiles
config.status:1338: $? = 0
config.status:1256: executing libtool commands

## ---------------- ##
## Cache variables. ##
## ---------------- ##

ac_cv_build=x86_64-pc-linux-gnu
ac_cv_c_compiler_gnu=yes
ac_cv_cxx_compiler_gnu=yes
ac_cv_env_CCC_set=
ac_cv_env_CCC_value=
ac_cv_env_CC_set=
ac_cv_env_CC_value=
ac_cv_env_CFLAGS_set=
ac_cv_env_CFLAGS_value=
ac_cv_env_CPPFLAGS_set=
ac_cv_env_CPPFLAGS_value=
ac_cv_env_CXXCPP_set=
ac_cv_env_CXXCPP_value=
ac_cv_env_CXXFLAGS_set=set
ac_cv_env_CXXFLAGS_value='-pthread -std=c++17 -m64 -I/root/root-6.30.04/rinstall/include'
ac_cv_env_CXX_set=
ac_cv_env_CXX_value=
ac_cv_env_LDFLAGS_set=
ac_cv_env_LDFLAGS_value=
ac_cv_env_LIBS_set=
ac_cv_env_LIBS_value=
ac_cv_env_LT_SYS_LIBRARY_PATH_set=
ac_cv_env_LT_SYS_LIBRARY_PATH_value=
ac_cv_env_build_alias_set=
ac_cv_env_build_alias_value=
ac_cv_env_host_alias_set=
ac_cv_env_host_alias_value=
ac_cv_env_target_alias_set=
ac_cv_env_target_alias_value=
ac_cv_header_arpa_inet_h=yes
ac_cv_header_dlfcn_h=yes
ac_cv_header_inttypes_h=yes
ac_cv_header_stdint_h=yes
ac_cv_header_stdio_h=yes
ac_cv_header_stdlib_h=yes
ac_cv_header_string_h=yes
ac_cv_header_strings_h=yes
ac_cv_header_sys_stat_h=yes
ac_cv_header_sys_types_h=yes
ac_cv_header_sys_uio_h=yes
ac_cv_header_unistd_h=yes
ac_cv_host=x86_64-pc-linux-gnu
ac_cv_objext=o
ac_cv_path_EGREP='/usr/bin/grep -E'
ac_cv_path_FGREP='/usr/bin/grep -F'
ac_cv_path_GREP=/usr/bin/grep
ac_cv_path_SED=/usr/bin/sed
ac_cv_path_install='/usr/bin/install -c'
ac_cv_path_lt_DD=/usr/bin/dd
ac_cv_path_mkdir=/usr/bin/mkdir
ac_cv_prog_AWK=mawk
ac_cv_prog_CXXCPP='g++ -E'
ac_cv_prog_ac_ct_AR=ar
ac_cv_prog_ac_ct_CC=gcc
ac_cv_prog_ac_ct_CXX=g++
ac_cv_prog_ac_ct_OBJDUMP=objdump
ac_cv_prog_ac_ct_RANLIB=ranlib
ac_cv_prog_ac_ct_STRIP=strip
ac_cv_prog_cc_c11=
ac_cv_prog_cc_g=yes
ac_cv_prog_cc_stdc=
ac_cv_prog_cxx_cxx11=
ac_cv_prog_cxx_g=yes
ac_cv_prog_cxx_stdcxx=
ac_cv_prog_make_make_set=yes
ac_cv_sys_file_offset_bits=no
ac_cv_sys_largefile_CC=no
am_cv_CC_dependencies_compiler_type=gcc3
am_cv_CXX_dependencies_compiler_type=gcc3
am_cv_make_support_nested_variables=yes
am_cv_prog_cc_c_o=yes
ax_cv_cxx_compile_cxx17__std_cpp17=yes
lt_cv_ar_at_file=@
lt_cv_archive_cmds_need_lc=no
lt_cv_deplibs_check_method=pass_all
lt_cv_file_magic_cmd='$MAGIC_CMD'
lt_cv_file_magic_test_file=
lt_cv_ld_reload_flag=-r
lt_cv_nm_interface='BSD nm'
lt_cv_objdir=.libs
lt_cv_path_LD=/usr/bin/ld
lt_cv_path_LDCXX=/usr/bin/ld
lt_cv_path_NM='/usr/bin/nm -B'
lt_cv_path_mainfest_tool=no
lt_cv_prog_compiler_c_o=yes
lt_cv_prog_compiler_c_o_CXX=yes
lt_cv_prog_compiler_pic='-fPIC -DPIC'
lt_cv_prog_compiler_pic_CXX='-fPIC -DPIC'
lt_cv_prog_compiler_pic_works=yes
lt_cv_prog_compiler_pic_works_CXX=yes
lt_cv_prog_compiler_rtti_exceptions=no
lt_cv_prog_compiler_static_works=yes
lt_cv_prog_compiler_static_works_CXX=yes
lt_cv_prog_gnu_ld=yes
lt_cv_prog_gnu_ldcxx=yes
lt_cv_sharedlib_from_linklib_cmd='printf %s\n'
lt_cv_shlibpath_overrides_runpath=yes
lt_cv_sys_global_symbol_pipe='/usr/bin/sed -n -e '\''s/^.*[	 ]\([ABCDGIRSTW][ABCDGIRSTW]*\)[	 ][	 ]*\([_A-Za-z][_A-Za-z0-9]*\)$/\1 \2 \2/p'\'' | /usr/bin/sed '\''/ __gnu_lto/d'\'''
lt_cv_sys_global_symbol_to_c_name_address='/usr/bin/sed -n -e '\''s/^: \(.*\) .*$/  {"\1", (void *) 0},/p'\'' -e '\''s/^[ABCDGIRSTW][ABCDGIRSTW]* .* \(.*\)$/  {"\1", (void *) \&\1},/p'\'''
lt_cv_sys_global_symbol_to_c_name_address_lib_prefix='/usr/bin/sed -n -e '\''s/^: \(.*\) .*$/  {"\1", (void *) 0},/p'\'' -e '\''s/^[ABCDGIRSTW][ABCDGIRSTW]* .* \(lib.*\)$/  {"\1", (void *) \&\1},/p'\'' -e '\''s/^[ABCDGIRSTW][ABCDGIRSTW]* .* \(.*\)$/  {"lib\1", (void *) \&\1},/p'\'''
lt_cv_sys_global_symbol_to_cdecl='/usr/bin/sed -n -e '\''s/^T .* \(.*\)$/extern int \1();/p'\'' -e '\''s/^[ABCDGIRSTW][ABCDGIRSTW]* .* \(.*\)$/extern char \1;/p'\'''
lt_cv_sys_global_symbol_to_import=
lt_cv_sys_max_cmd_len=1572864
lt_cv_to_host_file_cmd=func_convert_file_noop
lt_cv_to_tool_file_cmd=func_convert_file_noop
lt_cv_truncate_bin='/usr/bin/dd bs=4096 count=1'

## ----------------- ##
## Output variables. ##
## ----------------- ##

ACLOCAL='${SHELL} '\''/root/TrinitySims/CARE/VBF-0.3.4-c-17/missing'\'' aclocal-1.16'
AMDEPBACKSLASH='\'
AMDEP_FALSE='#'
AMDEP_TRUE=''
AMTAR='$${TAR-tar}'
AM_BACKSLASH='\'
AM_CFLAGS='-Wall '
AM_CPPFLAGS=''
AM_CXXFLAGS='-Wall '
AM_DEFAULT_V='$(AM_DEFAULT_VERBOSITY)'
AM_DEFAULT_VERBOSITY='1'
AM_LDFLAGS=''
AM_V='$(V)'
AR='ar'
AUTOCONF='${SHELL} '\''/root/TrinitySims/CARE/VBF-0.3.4-c-17/missing'\'' autoconf'
AUTOHEADER='${SHELL} '\''/root/TrinitySims/CARE/VBF-0.3.4-c-17/missing'\'' autoheader'
AUTOMAKE='${SHELL} '\''/root/TrinitySims/CARE/VBF-0.3.4-c-17/missing'\'' automake-1.16'
AWK='mawk'
CC='gcc'
CCDEPMODE='depmode=gcc3'
CFLAGS='-g -O2 -fno-strict-aliasing'
CPPFLAGS=''
CSCOPE='cscope'
CTAGS='ctags'
CXX='g++ -std=c++17'
CXXCPP='g++ -E -std=c++17'
CXXDEPMODE='depmode=gcc3'
CXXFLAGS='-pthread -std=c++17 -m64 -I/root/root-6.30.04/rinstall/include'
CYGPATH_W='echo'
DEFS='-DPACKAGE_NAME=\"VBF\" -DPACKAGE_TARNAME=\"vbf\" -DPACKAGE_VERSION=\"0.3.4\" -DPACKAGE_STRING=\"VBF\ 0.3.4\" -DPACKAGE_BUGREPORT=\"\" -DPACKAGE_URL=\"\" -DPACKAGE=\"vbf\" -DVERSION=\"0.3.4\" -DHAVE_STDIO_H=1 -DHAVE_STDLIB_H=1 -DHAVE_STRING_H=1 -DHAVE_INTTYPES_H=1 -DHAVE_STDINT_H=1 -DHAVE_STRINGS_H=1 -DHAVE_SYS_STAT_H=1 -DHAVE_SYS_TYPES_H=1 -DHAVE_UNISTD_H=1 -DSTDC_HEADERS=1 -DHAVE_DLFCN_H=1 -DLT_OBJDIR=\".libs/\" -DHAVE_CXX17=1 -DHAVE_STDIO_H=1 -DHAVE_STDLIB_H=1 -DHAVE_STRING_H=1 -DHAVE_INTTYPES_H=1 -DHAVE_UNISTD_H=1 -DHAVE_STRINGS_H=1 -DHAVE_SYS_UIO_H=1 -DHAVE_ARPA_INET_H=1 -DHAVE_GZIP=1'
DEPDIR='.deps'
DLLTOOL='false'
DSYMUTIL=''
DUMPBIN=''
ECHO_C=''
ECHO_N='-n'
ECHO_T=''
EGREP='/usr/bin/grep -E'
ETAGS='etags'
EXEEXT=''
FGREP='/usr/bin/grep -F'
FILECMD=':'
GREP='/usr/bin/grep'
HAVE_CXX17='1'
INSTALL_DATA='${INSTALL} -m 644'
INSTALL_PROGRAM='${INSTALL}'
INSTALL_SCRIPT='${INSTALL}'
INSTALL_STRIP_PROGRAM='$(install_sh) -c -s'
LD='/usr/bin/ld'
LDFLAGS=''
LIBOBJS=''
LIBS=''
LIBTOOL='$(SHELL) $(top_builddir)/libtool'
LIPO=''
LN_S='ln -s'
LTLIBOBJS=''
LT_SYS_LIBRARY_PATH=''
MAINT='#'
MAINTAINER_MODE_FALSE=''
MAINTAINER_MODE_TRUE='#'
MAKEINFO='${SHELL} '\''/root/TrinitySims/CARE/VBF-0.3.4-c-17/missing'\'' makeinfo'
MANIFEST_TOOL=':'
MKDIR_P='/usr/bin/mkdir -p'
NM='/usr/bin/nm -B'
NMEDIT=''
OBJDUMP='objdump'
OBJEXT='o'
OTOOL64=''
OTOOL=''
PACKAGE='vbf'
PACKAGE_BUGREPORT=''
PACKAGE_NAME='VBF'
PACKAGE_STRING='VBF 0.3.4'
PACKAGE_TARNAME='vbf'
PACKAGE_URL=''
PACKAGE_VERSION='0.3.4'
PATH_SEPARATOR=':'
RANLIB='ranlib'
SED='/usr/bin/sed'
SET_MAKE=''
SHELL='/bin/bash'
STRIP='strip'
VERSION='0.3.4'
XTRA_CPPFLAGS=''
XTRA_LDFLAGS=''
XTRA_LIBS='-lz '
ac_ct_AR='ar'
ac_ct_CC='gcc'
ac_ct_CXX='g++'
ac_ct_DUMPBIN=''
am__EXEEXT_FALSE=''
am__EXEEXT_TRUE='#'
am__fastdepCC_FALSE='#'
am__fastdepCC_TRUE=''
am__fastdepCXX_FALSE='#'
am__fastdepCXX_TRUE=''
am__include='include'
am__isrc=''
am__leading_dot='.'
am__nodep='_no'
am__quote=''
am__tar='$${TAR-tar} chof - "$$tardir"'
am__untar='$${TAR-tar} xf -'
bindir='${exec_prefix}/bin'
build='x86_64-pc-linux-gnu'
build_alias=''
build_cpu='x86_64'
build_os='linux-gnu'
build_vendor='pc'
datadir='${datarootdir}'
datarootdir='${prefix}/share'
docdir='${datarootdir}/doc/${PACKAGE_TARNAME}'
dvidir='${docdir}'
exec_prefix='${prefix}'
host='x86_64-pc-linux-gnu'
host_alias=''
host_cpu='x86_64'
host_os='linux-gnu'
host_vendor='pc'
htmldir='${docdir}'
includedir='${prefix}/include'
infodir='${datarootdir}/info'
install_sh='${SHELL} /root/TrinitySims/CARE/VBF-0.3.4-c-17/install-sh'
libdir='${exec_prefix}/lib'
libexecdir='${exec_prefix}/libexec'
localedir='${datarootdir}/locale'
localstatedir='${prefix}/var'
mandir='${datarootdir}/man'
mkdir_p='$(MKDIR_P)'
oldincludedir='/usr/include'
pdfdir='${docdir}'
prefix='/root/TrinitySims/CARE'
program_transform_name='s,x,x,'
psdir='${docdir}'
runstatedir='${localstatedir}/run'
sbindir='${exec_prefix}/sbin'
sharedstatedir='${prefix}/com'
sysconfdir='${prefix}/etc'
target_alias=''

## ----------- ##
## confdefs.h. ##
## ----------- ##

/* confdefs.h */
#define PACKAGE_NAME "VBF"
#define PACKAGE_TARNAME "vbf"
#define PACKAGE_VERSION "0.3.4"
#define PACKAGE_STRING "VBF 0.3.4"
#define PACKAGE_BUGREPORT ""
#define PACKAGE_URL ""
#define PACKAGE "vbf"
#define VERSION "0.3.4"
#define HAVE_STDIO_H 1
#define HAVE_STDLIB_H 1
#define HAVE_STRING_H 1
#define HAVE_INTTYPES_H 1
#define HAVE_STDINT_H 1
#define HAVE_STRINGS_H 1
#define HAVE_SYS_STAT_H 1
#define HAVE_SYS_TYPES_H 1
#define HAVE_UNISTD_H 1
#define STDC_HEADERS 1
#define HAVE_DLFCN_H 1
#define LT_OBJDIR ".libs/"
#define HAVE_CXX17 1
#define HAVE_STDIO_H 1
#define HAVE_STDLIB_H 1
#define HAVE_STRING_H 1
#define HAVE_INTTYPES_H 1
#define HAVE_UNISTD_H 1
#define HAVE_STRINGS_H 1
#define HAVE_SYS_UIO_H 1
#define HAVE_ARPA_INET_H 1
#define HAVE_GZIP 1

configure: exit 0
